<?xml version="1.0" encoding="UTF-8"?>
<testng-results skipped="0" failed="0" ignored="0" total="2" passed="2">
  <reporter-output>
  </reporter-output>
  <suite name="Default suite" duration-ms="68" started-at="2018-02-23T13:04:58Z" finished-at="2018-02-23T13:04:58Z">
    <groups>
    </groups>
    <test name="Default test" duration-ms="68" started-at="2018-02-23T13:04:58Z" finished-at="2018-02-23T13:04:58Z">
      <class name="Test.Test11">
        <test-method status="PASS" signature="Dummy_test_to_fail()[pri:0, instance:Test.Test11@548a9f61]" name="Dummy_test_to_fail" duration-ms="23" started-at="2018-02-23T15:04:58Z" finished-at="2018-02-23T15:04:58Z">
          <reporter-output>
          </reporter-output>
        </test-method> <!-- Dummy_test_to_fail -->
        <test-method status="PASS" signature="Dummy_test_to_pass()[pri:0, instance:Test.Test11@548a9f61]" name="Dummy_test_to_pass" duration-ms="2" started-at="2018-02-23T15:04:58Z" finished-at="2018-02-23T15:04:58Z">
          <reporter-output>
          </reporter-output>
        </test-method> <!-- Dummy_test_to_pass -->
      </class> <!-- Test.Test11 -->
    </test> <!-- Default test -->
  </suite> <!-- Default suite -->
</testng-results>
